This is pdfTeX, Version 3.141592653-2.6-1.40.25 (TeX Live 2023) (preloaded format=pdflatex 2024.1.25)  4 FEB 2024 10:20
entering extended mode
 restricted \write18 enabled.
 %&-line parsing enabled.
**t.tex
(./t.tex
LaTeX2e <2022-11-01> patch level 1
L3 programming layer <2023-02-22>
(d:/Plug_in/texstdio/textlive/texlive/2023/texmf-dist/tex/latex/base/article.cl
s
Document Class: article 2022/07/02 v1.4n Standard LaTeX document class

(d:/Plug_in/texstdio/textlive/texlive/2023/texmf-dist/tex/latex/base/size12.clo
File: size12.clo 2022/07/02 v1.4n Standard LaTeX file (size option)
)
\c@part=\count185
\c@section=\count186
\c@subsection=\count187
\c@subsubsection=\count188
\c@paragraph=\count189
\c@subparagraph=\count190
\c@figure=\count191
\c@table=\count192
\abovecaptionskip=\skip48
\belowcaptionskip=\skip49
\bibindent=\dimen140
) (./easymcm.sty
Package: easymcm 2019/01/21 EasyMCM v5.1

EasyMCM Package, version 5.1

(d:/Plug_in/texstdio/textlive/texlive/2023/texmf-dist/tex/latex/geometry/geomet
ry.sty
Package: geometry 2020/01/02 v5.9 Page Geometry

(d:/Plug_in/texstdio/textlive/texlive/2023/texmf-dist/tex/latex/graphics/keyval
.sty
Package: keyval 2022/05/29 v1.15 key=value parser (DPC)
\KV@toks@=\toks16
)
(d:/Plug_in/texstdio/textlive/texlive/2023/texmf-dist/tex/generic/iftex/ifvtex.
sty
Package: ifvtex 2019/10/25 v1.7 ifvtex legacy package. Use iftex instead.

(d:/Plug_in/texstdio/textlive/texlive/2023/texmf-dist/tex/generic/iftex/iftex.s
ty
Package: iftex 2022/02/03 v1.0f TeX engine tests
))
\Gm@cnth=\count193
\Gm@cntv=\count194
\c@Gm@tempcnt=\count195
\Gm@bindingoffset=\dimen141
\Gm@wd@mp=\dimen142
\Gm@odd@mp=\dimen143
\Gm@even@mp=\dimen144
\Gm@layoutwidth=\dimen145
\Gm@layoutheight=\dimen146
\Gm@layouthoffset=\dimen147
\Gm@layoutvoffset=\dimen148
\Gm@dimlist=\toks17
)
(d:/Plug_in/texstdio/textlive/texlive/2023/texmf-dist/tex/latex/fancyhdr/fancyh
dr.sty
Package: fancyhdr 2022/11/09 v4.1 Extensive control of page headers and footers

\f@nch@headwidth=\skip50
\f@nch@O@elh=\skip51
\f@nch@O@erh=\skip52
\f@nch@O@olh=\skip53
\f@nch@O@orh=\skip54
\f@nch@O@elf=\skip55
\f@nch@O@erf=\skip56
\f@nch@O@olf=\skip57
\f@nch@O@orf=\skip58
)
(d:/Plug_in/texstdio/textlive/texlive/2023/texmf-dist/tex/latex/fancybox/fancyb
ox.sty
Package: fancybox 2010/05/15 1.4

Style option: `fancybox' v1.4 <2010/05/15> (tvz)
\@fancybox=\box51
\shadowsize=\dimen149
\@Sbox=\box52
\do@VerbBox=\toks18
\the@fancyput=\toks19
\this@fancyput=\toks20
\EndVerbatimTokens=\toks21
\Verbatim@Outfile=\write3
\Verbatim@Infile=\read2
)
(d:/Plug_in/texstdio/textlive/texlive/2023/texmf-dist/tex/latex/base/ifthen.sty
Package: ifthen 2022/04/13 v1.1d Standard LaTeX ifthen package (DPC)
)
(d:/Plug_in/texstdio/textlive/texlive/2023/texmf-dist/tex/latex/lastpage/lastpa
ge.sty
Package: lastpage 2023/03/07 v2.0a lastpage: 2.09 or 2e? (HMM)

(d:/Plug_in/texstdio/textlive/texlive/2023/texmf-dist/tex/latex/lastpage/lastpa
ge2e.sty
Package: lastpage2e 2023/03/07 v2.0a Decide which 2e lastpage version to use (H
MM)

(d:/Plug_in/texstdio/textlive/texlive/2023/texmf-dist/tex/latex/lastpage/lastpa
gemodern.sty
Package: lastpagemodern 2023-03-07 v2.0a Refers to last page's name (HMM; JPG)
) 
))
(d:/Plug_in/texstdio/textlive/texlive/2023/texmf-dist/tex/latex/paralist/parali
st.sty
Package: paralist 2017/01/22 v2.7 Extended list environments
\pltopsep=\skip59
\plpartopsep=\skip60
\plitemsep=\skip61
\plparsep=\skip62
\pl@lab=\toks22
)
(d:/Plug_in/texstdio/textlive/texlive/2023/texmf-dist/tex/latex/tools/indentfir
st.sty
Package: indentfirst 1995/11/23 v1.03 Indent first paragraph (DPC)
)
(d:/Plug_in/texstdio/textlive/texlive/2023/texmf-dist/tex/latex/appendix/append
ix.sty
Package: appendix 2020/02/08 v1.2c extra appendix facilities
\c@@pps=\count196
\c@@ppsavesec=\count197
\c@@ppsaveapp=\count198
)
(d:/Plug_in/texstdio/textlive/texlive/2023/texmf-dist/tex/latex/amsfonts/amsfon
ts.sty
Package: amsfonts 2013/01/14 v3.01 Basic AMSFonts support
\@emptytoks=\toks23
\symAMSa=\mathgroup4
\symAMSb=\mathgroup5
LaTeX Font Info:    Redeclaring math symbol \hbar on input line 98.
LaTeX Font Info:    Overwriting math alphabet `\mathfrak' in version `bold'
(Font)                  U/euf/m/n --> U/euf/b/n on input line 106.
)
(d:/Plug_in/texstdio/textlive/texlive/2023/texmf-dist/tex/latex/amsmath/amsmath
.sty
Package: amsmath 2022/04/08 v2.17n AMS math features
\@mathmargin=\skip63

For additional information on amsmath, use the `?' option.

(d:/Plug_in/texstdio/textlive/texlive/2023/texmf-dist/tex/latex/amsmath/amstext
.sty
Package: amstext 2021/08/26 v2.01 AMS text

(d:/Plug_in/texstdio/textlive/texlive/2023/texmf-dist/tex/latex/amsmath/amsgen.
sty
File: amsgen.sty 1999/11/30 v2.0 generic functions
\@emptytoks=\toks24
\ex@=\dimen150
))
(d:/Plug_in/texstdio/textlive/texlive/2023/texmf-dist/tex/latex/amsmath/amsbsy.
sty
Package: amsbsy 1999/11/29 v1.2d Bold Symbols
\pmbraise@=\dimen151
)
(d:/Plug_in/texstdio/textlive/texlive/2023/texmf-dist/tex/latex/amsmath/amsopn.
sty
Package: amsopn 2022/04/08 v2.04 operator names
)
\inf@bad=\count199
LaTeX Info: Redefining \frac on input line 234.
\uproot@=\count266
\leftroot@=\count267
LaTeX Info: Redefining \overline on input line 399.
LaTeX Info: Redefining \colon on input line 410.
\classnum@=\count268
\DOTSCASE@=\count269
LaTeX Info: Redefining \ldots on input line 496.
LaTeX Info: Redefining \dots on input line 499.
LaTeX Info: Redefining \cdots on input line 620.
\Mathstrutbox@=\box53
\strutbox@=\box54
LaTeX Info: Redefining \big on input line 722.
LaTeX Info: Redefining \Big on input line 723.
LaTeX Info: Redefining \bigg on input line 724.
LaTeX Info: Redefining \Bigg on input line 725.
\big@size=\dimen152
LaTeX Font Info:    Redeclaring font encoding OML on input line 743.
LaTeX Font Info:    Redeclaring font encoding OMS on input line 744.
\macc@depth=\count270
LaTeX Info: Redefining \bmod on input line 905.
LaTeX Info: Redefining \pmod on input line 910.
LaTeX Info: Redefining \smash on input line 940.
LaTeX Info: Redefining \relbar on input line 970.
LaTeX Info: Redefining \Relbar on input line 971.
\c@MaxMatrixCols=\count271
\dotsspace@=\muskip16
\c@parentequation=\count272
\dspbrk@lvl=\count273
\tag@help=\toks25
\row@=\count274
\column@=\count275
\maxfields@=\count276
\andhelp@=\toks26
\eqnshift@=\dimen153
\alignsep@=\dimen154
\tagshift@=\dimen155
\tagwidth@=\dimen156
\totwidth@=\dimen157
\lineht@=\dimen158
\@envbody=\toks27
\multlinegap=\skip64
\multlinetaggap=\skip65
\mathdisplay@stack=\toks28
LaTeX Info: Redefining \[ on input line 2953.
LaTeX Info: Redefining \] on input line 2954.
)
(d:/Plug_in/texstdio/textlive/texlive/2023/texmf-dist/tex/latex/amsfonts/amssym
b.sty
Package: amssymb 2013/01/14 v3.01 AMS font symbols
)
\c@Theorem=\count277

(d:/Plug_in/texstdio/textlive/texlive/2023/texmf-dist/tex/latex/titlesec/titles
ec.sty
Package: titlesec 2021/07/05 v2.14 Sectioning titles
\ttl@box=\box55
\beforetitleunit=\skip66
\aftertitleunit=\skip67
\ttl@plus=\dimen159
\ttl@minus=\dimen160
\ttl@toksa=\toks29
\titlewidth=\dimen161
\titlewidthlast=\dimen162
\titlewidthfirst=\dimen163
)
(d:/Plug_in/texstdio/textlive/texlive/2023/texmf-dist/tex/latex/titlesec/titlet
oc.sty
Package: titletoc 2021/07/05 v2.14 TOC entries
\ttl@leftsep=\dimen164
)
(d:/Plug_in/texstdio/textlive/texlive/2023/texmf-dist/tex/latex/caption/caption
.sty
Package: caption 2023/03/12 v3.6j Customizing captions (AR)

(d:/Plug_in/texstdio/textlive/texlive/2023/texmf-dist/tex/latex/caption/caption
3.sty
Package: caption3 2023/03/12 v2.4 caption3 kernel (AR)
\caption@tempdima=\dimen165
\captionmargin=\dimen166
\caption@leftmargin=\dimen167
\caption@rightmargin=\dimen168
\caption@width=\dimen169
\caption@indent=\dimen170
\caption@parindent=\dimen171
\caption@hangindent=\dimen172
Package caption Info: Standard document class detected.
)
\c@caption@flags=\count278
\c@continuedfloat=\count279
)
(d:/Plug_in/texstdio/textlive/texlive/2023/texmf-dist/tex/latex/tools/longtable
.sty
Package: longtable 2021-09-01 v4.17 Multi-page Table package (DPC)
\LTleft=\skip68
\LTright=\skip69
\LTpre=\skip70
\LTpost=\skip71
\LTchunksize=\count280
\LTcapwidth=\dimen173
\LT@head=\box56
\LT@firsthead=\box57
\LT@foot=\box58
\LT@lastfoot=\box59
\LT@gbox=\box60
\LT@cols=\count281
\LT@rows=\count282
\c@LT@tables=\count283
\c@LT@chunks=\count284
\LT@p@ftn=\toks30
)
(d:/Plug_in/texstdio/textlive/texlive/2023/texmf-dist/tex/latex/multirow/multir
ow.sty
Package: multirow 2021/03/15 v2.8 Span multiple rows of a table
\multirow@colwidth=\skip72
\multirow@cntb=\count285
\multirow@dima=\skip73
\bigstrutjot=\dimen174
)
(d:/Plug_in/texstdio/textlive/texlive/2023/texmf-dist/tex/latex/tools/array.sty
Package: array 2022/09/04 v2.5g Tabular extension package (FMi)
\col@sep=\dimen175
\ar@mcellbox=\box61
\extrarowheight=\dimen176
\NC@list=\toks31
\extratabsurround=\skip74
\backup@length=\skip75
\ar@cellbox=\box62
)
(d:/Plug_in/texstdio/textlive/texlive/2023/texmf-dist/tex/latex/booktabs/bookta
bs.sty
Package: booktabs 2020/01/12 v1.61803398 Publication quality tables
\heavyrulewidth=\dimen177
\lightrulewidth=\dimen178
\cmidrulewidth=\dimen179
\belowrulesep=\dimen180
\belowbottomsep=\dimen181
\aboverulesep=\dimen182
\abovetopsep=\dimen183
\cmidrulesep=\dimen184
\cmidrulekern=\dimen185
\defaultaddspace=\dimen186
\@cmidla=\count286
\@cmidlb=\count287
\@aboverulesep=\dimen187
\@belowrulesep=\dimen188
\@thisruleclass=\count288
\@lastruleclass=\count289
\@thisrulewidth=\dimen189
)
(d:/Plug_in/texstdio/textlive/texlive/2023/texmf-dist/tex/latex/tools/tabularx.
sty
Package: tabularx 2020/01/15 v2.11c `tabularx' package (DPC)
\TX@col@width=\dimen190
\TX@old@table=\dimen191
\TX@old@col=\dimen192
\TX@target=\dimen193
\TX@delta=\dimen194
\TX@cols=\count290
\TX@ftn=\toks32
)
(d:/Plug_in/texstdio/textlive/texlive/2023/texmf-dist/tex/latex/base/fontenc.st
y
Package: fontenc 2021/04/29 v2.0v Standard LaTeX package
) (d:/Plug_in/texstdio/textlive/texlive/2023/texmf-dist/tex/latex/url/url.sty
\Urlmuskip=\muskip17
Package: url 2013/09/16  ver 3.4  Verb mode for urls, etc.
)
(d:/Plug_in/texstdio/textlive/texlive/2023/texmf-dist/tex/latex/graphics/graphi
cx.sty
Package: graphicx 2021/09/16 v1.2d Enhanced LaTeX Graphics (DPC,SPQR)

(d:/Plug_in/texstdio/textlive/texlive/2023/texmf-dist/tex/latex/graphics/graphi
cs.sty
Package: graphics 2022/03/10 v1.4e Standard LaTeX Graphics (DPC,SPQR)

(d:/Plug_in/texstdio/textlive/texlive/2023/texmf-dist/tex/latex/graphics/trig.s
ty
Package: trig 2021/08/11 v1.11 sin cos tan (DPC)
)
(d:/Plug_in/texstdio/textlive/texlive/2023/texmf-dist/tex/latex/graphics-cfg/gr
aphics.cfg
File: graphics.cfg 2016/06/04 v1.11 sample graphics configuration
)
Package graphics Info: Driver file: pdftex.def on input line 107.

(d:/Plug_in/texstdio/textlive/texlive/2023/texmf-dist/tex/latex/graphics-def/pd
ftex.def
File: pdftex.def 2022/09/22 v1.2b Graphics/color driver for pdftex
))
\Gin@req@height=\dimen195
\Gin@req@width=\dimen196
)
(d:/Plug_in/texstdio/textlive/texlive/2023/texmf-dist/tex/latex/base/flafter.st
y
Package: flafter 2021/07/31 v1.4e Standard LaTeX floats after reference (FMi)
Applying: [2015/01/01] float order in 2-column on input line 49.
Already applied: [0000/00/00] float order in 2-column on input line 151.
)
(d:/Plug_in/texstdio/textlive/texlive/2023/texmf-dist/tex/latex/float/float.sty
Package: float 2001/11/08 v1.3d Float enhancements (AL)
\c@float@type=\count291
\float@exts=\toks33
\float@box=\box63
\@float@everytoks=\toks34
\@floatcapt=\box64
)
(d:/Plug_in/texstdio/textlive/texlive/2023/texmf-dist/tex/latex/subfigure/subfi
gure.sty
Package: subfigure 2002/03/15 v2.1.5 subfigure package
\subfigtopskip=\skip76
\subfigcapskip=\skip77
\subfigcaptopadj=\dimen197
\subfigbottomskip=\skip78
\subfigcapmargin=\dimen198
\subfiglabelskip=\skip79
\c@subfigure=\count292
\c@lofdepth=\count293
\c@subtable=\count294
\c@lotdepth=\count295

****************************************
* Local config file subfigure.cfg used *
****************************************

(d:/Plug_in/texstdio/textlive/texlive/2023/texmf-dist/tex/latex/subfigure/subfi
gure.cfg)
\subfig@top=\skip80
\subfig@bottom=\skip81
)
(d:/Plug_in/texstdio/textlive/texlive/2023/texmf-dist/tex/generic/iftex/ifpdf.s
ty
Package: ifpdf 2019/10/25 v3.4 ifpdf legacy package. Use iftex instead.
)
(d:/Plug_in/texstdio/textlive/texlive/2023/texmf-dist/tex/latex/epstopdf-pkg/ep
stopdf.sty
Package: epstopdf 2020-01-24 v2.11 Conversion with epstopdf on the fly (HO)

(d:/Plug_in/texstdio/textlive/texlive/2023/texmf-dist/tex/generic/infwarerr/inf
warerr.sty
Package: infwarerr 2019/12/03 v1.5 Providing info/warning/error messages (HO)
)
(d:/Plug_in/texstdio/textlive/texlive/2023/texmf-dist/tex/latex/grfext/grfext.s
ty
Package: grfext 2019/12/03 v1.3 Manage graphics extensions (HO)

(d:/Plug_in/texstdio/textlive/texlive/2023/texmf-dist/tex/generic/kvdefinekeys/
kvdefinekeys.sty
Package: kvdefinekeys 2019-12-19 v1.6 Define keys (HO)
))
(d:/Plug_in/texstdio/textlive/texlive/2023/texmf-dist/tex/latex/kvoptions/kvopt
ions.sty
Package: kvoptions 2022-06-15 v3.15 Key value format for package options (HO)

(d:/Plug_in/texstdio/textlive/texlive/2023/texmf-dist/tex/generic/ltxcmds/ltxcm
ds.sty
Package: ltxcmds 2020-05-10 v1.25 LaTeX kernel commands for general use (HO)
)
(d:/Plug_in/texstdio/textlive/texlive/2023/texmf-dist/tex/latex/kvsetkeys/kvset
keys.sty
Package: kvsetkeys 2022-10-05 v1.19 Key value parser (HO)
))
(d:/Plug_in/texstdio/textlive/texlive/2023/texmf-dist/tex/generic/pdftexcmds/pd
ftexcmds.sty
Package: pdftexcmds 2020-06-27 v0.33 Utility functions of pdfTeX for LuaTeX (HO
)
Package pdftexcmds Info: \pdf@primitive is available.
Package pdftexcmds Info: \pdf@ifprimitive is available.
Package pdftexcmds Info: \pdfdraftmode found.
)
(d:/Plug_in/texstdio/textlive/texlive/2023/texmf-dist/tex/latex/epstopdf-pkg/ep
stopdf-base.sty
Package: epstopdf-base 2020-01-24 v2.11 Base part for package epstopdf
Package epstopdf-base Info: Redefining graphics rule for `.eps' on input line 4
85.
Package grfext Info: Graphics extension search list:
(grfext)             [.pdf,.png,.jpg,.mps,.jpeg,.jbig2,.jb2,.PDF,.PNG,.JPG,.JPE
G,.JBIG2,.JB2,.eps]
(grfext)             \AppendGraphicsExtensions on input line 504.

(d:/Plug_in/texstdio/textlive/texlive/2023/texmf-dist/tex/latex/latexconfig/eps
topdf-sys.cfg
File: epstopdf-sys.cfg 2010/07/13 v1.3 Configuration of (r)epstopdf for TeX Liv
e
)))
(d:/Plug_in/texstdio/textlive/texlive/2023/texmf-dist/tex/latex/hyperref/hyperr
ef.sty
Package: hyperref 2023-02-07 v7.00v Hypertext links for LaTeX

(d:/Plug_in/texstdio/textlive/texlive/2023/texmf-dist/tex/generic/pdfescape/pdf
escape.sty
Package: pdfescape 2019/12/09 v1.15 Implements pdfTeX's escape features (HO)
)
(d:/Plug_in/texstdio/textlive/texlive/2023/texmf-dist/tex/latex/hycolor/hycolor
.sty
Package: hycolor 2020-01-27 v1.10 Color options for hyperref/bookmark (HO)
)
(d:/Plug_in/texstdio/textlive/texlive/2023/texmf-dist/tex/latex/letltxmacro/let
ltxmacro.sty
Package: letltxmacro 2019/12/03 v1.6 Let assignment for LaTeX macros (HO)
)
(d:/Plug_in/texstdio/textlive/texlive/2023/texmf-dist/tex/latex/auxhook/auxhook
.sty
Package: auxhook 2019-12-17 v1.6 Hooks for auxiliary files (HO)
)
(d:/Plug_in/texstdio/textlive/texlive/2023/texmf-dist/tex/latex/hyperref/namere
f.sty
Package: nameref 2022-05-17 v2.50 Cross-referencing by name of section

(d:/Plug_in/texstdio/textlive/texlive/2023/texmf-dist/tex/latex/refcount/refcou
nt.sty
Package: refcount 2019/12/15 v3.6 Data extraction from label references (HO)
)
(d:/Plug_in/texstdio/textlive/texlive/2023/texmf-dist/tex/generic/gettitlestrin
g/gettitlestring.sty
Package: gettitlestring 2019/12/15 v1.6 Cleanup title references (HO)
)
\c@section@level=\count296
)
\@linkdim=\dimen199
\Hy@linkcounter=\count297
\Hy@pagecounter=\count298

(d:/Plug_in/texstdio/textlive/texlive/2023/texmf-dist/tex/latex/hyperref/pd1enc
.def
File: pd1enc.def 2023-02-07 v7.00v Hyperref: PDFDocEncoding definition (HO)
Now handling font encoding PD1 ...
... no UTF-8 mapping file for font encoding PD1
)
(d:/Plug_in/texstdio/textlive/texlive/2023/texmf-dist/tex/generic/intcalc/intca
lc.sty
Package: intcalc 2019/12/15 v1.3 Expandable calculations with integers (HO)
)
(d:/Plug_in/texstdio/textlive/texlive/2023/texmf-dist/tex/generic/etexcmds/etex
cmds.sty
Package: etexcmds 2019/12/15 v1.7 Avoid name clashes with e-TeX commands (HO)
)
\Hy@SavedSpaceFactor=\count299

(d:/Plug_in/texstdio/textlive/texlive/2023/texmf-dist/tex/latex/hyperref/puenc.
def
File: puenc.def 2023-02-07 v7.00v Hyperref: PDF Unicode definition (HO)
Now handling font encoding PU ...
... no UTF-8 mapping file for font encoding PU
)
Package hyperref Info: Option `colorlinks' set `true' on input line 4060.
Package hyperref Info: Hyper figures OFF on input line 4177.
Package hyperref Info: Link nesting OFF on input line 4182.
Package hyperref Info: Hyper index ON on input line 4185.
Package hyperref Info: Plain pages OFF on input line 4192.
Package hyperref Info: Backreferencing OFF on input line 4197.
Package hyperref Info: Implicit mode ON; LaTeX internals redefined.
Package hyperref Info: Bookmarks ON on input line 4425.
\c@Hy@tempcnt=\count300
LaTeX Info: Redefining \url on input line 4763.
\XeTeXLinkMargin=\dimen256

(d:/Plug_in/texstdio/textlive/texlive/2023/texmf-dist/tex/generic/bitset/bitset
.sty
Package: bitset 2019/12/09 v1.3 Handle bit-vector datatype (HO)

(d:/Plug_in/texstdio/textlive/texlive/2023/texmf-dist/tex/generic/bigintcalc/bi
gintcalc.sty
Package: bigintcalc 2019/12/15 v1.5 Expandable calculations on big integers (HO
)
))
\Fld@menulength=\count301
\Field@Width=\dimen257
\Fld@charsize=\dimen258
Package hyperref Info: Hyper figures OFF on input line 6042.
Package hyperref Info: Link nesting OFF on input line 6047.
Package hyperref Info: Hyper index ON on input line 6050.
Package hyperref Info: backreferencing OFF on input line 6057.
Package hyperref Info: Link coloring ON on input line 6060.
Package hyperref Info: Link coloring with OCG OFF on input line 6067.
Package hyperref Info: PDF/A mode OFF on input line 6072.

(d:/Plug_in/texstdio/textlive/texlive/2023/texmf-dist/tex/latex/base/atbegshi-l
tx.sty
Package: atbegshi-ltx 2021/01/10 v1.0c Emulation of the original atbegshi
package with kernel methods
)
\Hy@abspage=\count302
\c@Item=\count303
\c@Hfootnote=\count304
)
Package hyperref Info: Driver (autodetected): hpdftex.

(d:/Plug_in/texstdio/textlive/texlive/2023/texmf-dist/tex/latex/hyperref/hpdfte
x.def
File: hpdftex.def 2023-02-07 v7.00v Hyperref driver for pdfTeX

(d:/Plug_in/texstdio/textlive/texlive/2023/texmf-dist/tex/latex/base/atveryend-
ltx.sty
Package: atveryend-ltx 2020/08/19 v1.0a Emulation of the original atveryend pac
kage
with kernel methods
)
\Fld@listcount=\count305
\c@bookmark@seq@number=\count306

(d:/Plug_in/texstdio/textlive/texlive/2023/texmf-dist/tex/latex/rerunfilecheck/
rerunfilecheck.sty
Package: rerunfilecheck 2022-07-10 v1.10 Rerun checks for auxiliary files (HO)

(d:/Plug_in/texstdio/textlive/texlive/2023/texmf-dist/tex/generic/uniquecounter
/uniquecounter.sty
Package: uniquecounter 2019/12/15 v1.4 Provide unlimited unique counter (HO)
)
Package uniquecounter Info: New unique counter `rerunfilecheck' on input line 2
85.
)
\Hy@SectionHShift=\skip82
)
\c@prefix=\count307

(d:/Plug_in/texstdio/textlive/texlive/2023/texmf-dist/tex/latex/etoolbox/etoolb
ox.sty
Package: etoolbox 2020/10/05 v2.5k e-TeX tools for LaTeX (JAW)
\etb@tempcnta=\count308
)
(d:/Plug_in/texstdio/textlive/texlive/2023/texmf-dist/tex/latex/listings/listin
gs.sty
\lst@mode=\count309
\lst@gtempboxa=\box65
\lst@token=\toks35
\lst@length=\count310
\lst@currlwidth=\dimen259
\lst@column=\count311
\lst@pos=\count312
\lst@lostspace=\dimen260
\lst@width=\dimen261
\lst@newlines=\count313
\lst@lineno=\count314
\lst@maxwidth=\dimen262

(d:/Plug_in/texstdio/textlive/texlive/2023/texmf-dist/tex/latex/listings/lstmis
c.sty
File: lstmisc.sty 2023/02/27 1.9 (Carsten Heinz)
\c@lstnumber=\count315
\lst@skipnumbers=\count316
\lst@framebox=\box66
)
(d:/Plug_in/texstdio/textlive/texlive/2023/texmf-dist/tex/latex/listings/listin
gs.cfg
File: listings.cfg 2023/02/27 1.9 listings configuration
))
Package: listings 2023/02/27 1.9 (Carsten Heinz)

(d:/Plug_in/texstdio/textlive/texlive/2023/texmf-dist/tex/latex/graphics/color.
sty
Package: color 2022/01/06 v1.3d Standard LaTeX Color (DPC)

(d:/Plug_in/texstdio/textlive/texlive/2023/texmf-dist/tex/latex/graphics-cfg/co
lor.cfg
File: color.cfg 2016/01/02 v1.6 sample color configuration
)
Package color Info: Driver file: pdftex.def on input line 149.

(d:/Plug_in/texstdio/textlive/texlive/2023/texmf-dist/tex/latex/graphics/mathco
lor.ltx))
(d:/Plug_in/texstdio/textlive/texlive/2023/texmf-dist/tex/latex/xcolor/xcolor.s
ty
Package: xcolor 2022/06/12 v2.14 LaTeX color extensions (UK)

(d:/Plug_in/texstdio/textlive/texlive/2023/texmf-dist/tex/latex/graphics-cfg/co
lor.cfg
File: color.cfg 2016/01/02 v1.6 sample color configuration
)
Package xcolor Info: Driver file: pdftex.def on input line 227.
LaTeX Info: Redefining \color on input line 711.

(d:/Plug_in/texstdio/textlive/texlive/2023/texmf-dist/tex/latex/graphics/mathco
lor.ltx)
Package xcolor Info: Model `cmy' substituted by `cmy0' on input line 1353.
Package xcolor Info: Model `hsb' substituted by `rgb' on input line 1357.
Package xcolor Info: Model `RGB' extended on input line 1369.
Package xcolor Info: Model `HTML' substituted by `rgb' on input line 1371.
Package xcolor Info: Model `Hsb' substituted by `hsb' on input line 1372.
Package xcolor Info: Model `tHsb' substituted by `hsb' on input line 1373.
Package xcolor Info: Model `HSB' substituted by `hsb' on input line 1374.
Package xcolor Info: Model `Gray' substituted by `gray' on input line 1375.
Package xcolor Info: Model `wave' substituted by `hsb' on input line 1376.
)
(d:/Plug_in/texstdio/textlive/texlive/2023/texmf-dist/tex/latex/listings/lstlan
g1.sty
File: lstlang1.sty 2023/02/27 1.9 listings language file
)
(d:/Plug_in/texstdio/textlive/texlive/2023/texmf-dist/tex/latex/listings/lstmis
c.sty
File: lstmisc.sty 2023/02/27 1.9 (Carsten Heinz)
)
\@abstract=\box67
)
(d:/Plug_in/texstdio/textlive/texlive/2023/texmf-dist/tex/latex/psnfss/palatino
.sty
Package: palatino 2020/03/25 PSNFSS-v9.3 (SPQR) 
)
(d:/Plug_in/texstdio/textlive/texlive/2023/texmf-dist/tex/latex/pdfpages/pdfpag
es.sty
Package: pdfpages 2022/12/19 v0.5x Insert pages of external PDF documents (AM)

(d:/Plug_in/texstdio/textlive/texlive/2023/texmf-dist/tex/latex/tools/calc.sty
Package: calc 2017/05/25 v4.3 Infix arithmetic (KKT,FJ)
\calc@Acount=\count317
\calc@Bcount=\count318
\calc@Adimen=\dimen263
\calc@Bdimen=\dimen264
\calc@Askip=\skip83
\calc@Bskip=\skip84
LaTeX Info: Redefining \setlength on input line 80.
LaTeX Info: Redefining \addtolength on input line 81.
\calc@Ccount=\count319
\calc@Cskip=\skip85
)
(d:/Plug_in/texstdio/textlive/texlive/2023/texmf-dist/tex/latex/eso-pic/eso-pic
.sty
Package: eso-pic 2020/10/14 v3.0a eso-pic (RN)
\ESO@tempdima=\dimen265
\ESO@tempdimb=\dimen266
)
\AM@pagewidth=\dimen267
\AM@pageheight=\dimen268
\AM@fboxrule=\dimen269

(d:/Plug_in/texstdio/textlive/texlive/2023/texmf-dist/tex/latex/pdfpages/pppdft
ex.def
File: pppdftex.def 2022/12/19 v0.5x Pdfpages driver for pdfTeX (AM)
)
\pdfpages@includegraphics@status=\count320
\AM@pagebox=\box68
\AM@global@opts=\toks36
\AM@pagecnt=\count321
\AM@toc@title=\toks37
\AM@lof@heading=\toks38
\c@AM@survey=\count322
\AM@templatesizebox=\box69
)
(d:/Plug_in/texstdio/textlive/texlive/2023/texmf-dist/tex/latex/tabu/tabu.sty
Package: tabu 2019/01/11 v2.9 - flexible LaTeX tabulars (FC+tabu-fixed)

(d:/Plug_in/texstdio/textlive/texlive/2023/texmf-dist/tex/latex/varwidth/varwid
th.sty
Package: varwidth 2009/03/30 ver 0.92;  Variable-width minipages
\@vwid@box=\box70
\sift@deathcycles=\count323
\@vwid@loff=\dimen270
\@vwid@roff=\dimen271
)
\c@taburow=\count324
\tabu@nbcols=\count325
\tabu@cnt=\count326
\tabu@Xcol=\count327
\tabu@alloc=\count328
\tabu@nested=\count329
\tabu@target=\dimen272
\tabu@spreadtarget=\dimen273
\tabu@naturalX=\dimen274
\tabucolX=\dimen275
\tabu@Xsum=\dimen276
\extrarowdepth=\dimen277
\abovetabulinesep=\dimen278
\belowtabulinesep=\dimen279
\tabustrutrule=\dimen280
\tabu@thebody=\toks39
\tabu@footnotes=\toks40
\tabu@box=\box71
\tabu@arstrutbox=\box72
\tabu@hleads=\box73
\tabu@vleads=\box74
\tabu@cellskip=\skip86
)
(d:/Plug_in/texstdio/textlive/texlive/2023/texmf-dist/tex/latex/threeparttable/
threeparttable.sty
Package: threeparttable 2003/06/13  v 3.0
\@tempboxb=\box75
)
LaTeX Font Info:    Trying to load font information for T1+ppl on input line 29
.

(d:/Plug_in/texstdio/textlive/texlive/2023/texmf-dist/tex/latex/psnfss/t1ppl.fd
File: t1ppl.fd 2001/06/04 font definitions for T1/ppl.
)
(d:/Plug_in/texstdio/textlive/texlive/2023/texmf-dist/tex/latex/l3backend/l3bac
kend-pdftex.def
File: l3backend-pdftex.def 2023-01-16 L3 backend support: PDF output (pdfTeX)
\l__color_backend_stack_int=\count330
\l__pdf_internal_box=\box76
)
No file t.aux.
\openout1 = `t.aux'.

LaTeX Font Info:    Checking defaults for OML/cmm/m/it on input line 29.
LaTeX Font Info:    ... okay on input line 29.
LaTeX Font Info:    Checking defaults for OMS/cmsy/m/n on input line 29.
LaTeX Font Info:    ... okay on input line 29.
LaTeX Font Info:    Checking defaults for OT1/cmr/m/n on input line 29.
LaTeX Font Info:    ... okay on input line 29.
LaTeX Font Info:    Checking defaults for T1/cmr/m/n on input line 29.
LaTeX Font Info:    ... okay on input line 29.
LaTeX Font Info:    Checking defaults for TS1/cmr/m/n on input line 29.
LaTeX Font Info:    ... okay on input line 29.
LaTeX Font Info:    Checking defaults for OMX/cmex/m/n on input line 29.
LaTeX Font Info:    ... okay on input line 29.
LaTeX Font Info:    Checking defaults for U/cmr/m/n on input line 29.
LaTeX Font Info:    ... okay on input line 29.
LaTeX Font Info:    Checking defaults for PD1/pdf/m/n on input line 29.
LaTeX Font Info:    ... okay on input line 29.
LaTeX Font Info:    Checking defaults for PU/pdf/m/n on input line 29.
LaTeX Font Info:    ... okay on input line 29.
*geometry* driver: auto-detecting
*geometry* detected driver: pdftex
*geometry* verbose mode - [ preamble ] result:
* driver: pdftex
* paper: a4paper
* layout: <same size as paper>
* layoutoffset:(h,v)=(0.0pt,0.0pt)
* modes: 
* h-part:(L,W,R)=(71.13188pt, 455.24411pt, 71.13188pt)
* v-part:(T,H,B)=(71.13188pt, 731.23584pt, 42.67912pt)
* \paperwidth=597.50787pt
* \paperheight=845.04684pt
* \textwidth=455.24411pt
* \textheight=731.23584pt
* \oddsidemargin=-1.1381pt
* \evensidemargin=-1.1381pt
* \topmargin=-38.1381pt
* \headheight=15.0pt
* \headsep=25.0pt
* \topskip=12.0pt
* \footskip=30.0pt
* \marginparwidth=44.0pt
* \marginparsep=10.0pt
* \columnsep=10.0pt
* \skip\footins=10.8pt plus 4.0pt minus 2.0pt
* \hoffset=0.0pt
* \voffset=0.0pt
* \mag=1000
* \@twocolumnfalse
* \@twosidefalse
* \@mparswitchfalse
* \@reversemarginfalse
* (1in=72.27pt=25.4mm, 1cm=28.453pt)

Package caption Info: Begin \AtBeginDocument code.
Package caption Info: float package is loaded.
Package caption Info: hyperref package is loaded.
Package caption Info: listings package is loaded.
Package caption Info: longtable package is loaded.

(d:/Plug_in/texstdio/textlive/texlive/2023/texmf-dist/tex/latex/caption/ltcapti
on.sty
Package: ltcaption 2021/01/08 v1.4c longtable captions (AR)
)
Package caption Info: subfigure package is loaded.
Package caption Info: threeparttable package is loaded.
Package caption Info: End \AtBeginDocument code.

(d:/Plug_in/texstdio/textlive/texlive/2023/texmf-dist/tex/context/base/mkii/sup
p-pdf.mkii
[Loading MPS to PDF converter (version 2006.09.02).]
\scratchcounter=\count331
\scratchdimen=\dimen281
\scratchbox=\box77
\nofMPsegments=\count332
\nofMParguments=\count333
\everyMPshowfont=\toks41
\MPscratchCnt=\count334
\MPscratchDim=\dimen282
\MPnumerator=\count335
\makeMPintoPDFobject=\count336
\everyMPtoPDFconversion=\toks42
)
Package hyperref Info: Link coloring ON on input line 29.
\@outlinefile=\write4
\openout4 = `t.out'.

\c@lstlisting=\count337

(d:/Plug_in/texstdio/textlive/texlive/2023/texmf-dist/tex/latex/pdflscape/pdfls
cape.sty
Package: pdflscape 2022-10-27 v0.13 Display of landscape pages in PDF

(d:/Plug_in/texstdio/textlive/texlive/2023/texmf-dist/tex/latex/pdflscape/pdfls
cape-nometadata.sty
Package: pdflscape-nometadata 2022-10-28 v0.13 Display of landscape pages in PD
F (HO)

(d:/Plug_in/texstdio/textlive/texlive/2023/texmf-dist/tex/latex/graphics/lscape
.sty
Package: lscape 2020/05/28 v3.02 Landscape Pages (DPC)
)
Package pdflscape Info: Auto-detected driver: pdftex on input line 81.
)) [1

{d:/Plug_in/texstdio/textlive/texlive/2023/texmf-var/fonts/map/pdftex/updmap/pd
ftex.map}{d:/Plug_in/texstdio/textlive/texlive/2023/texmf-dist/fonts/enc/dvips/
base/8r.enc}]
No file t.toc.
\tf@toc=\write5
\openout5 = `t.toc'.


LaTeX Warning: Reference `LastPage' on page 2 undefined on input line 52.

[2]

! LaTeX Error: File `' not found.

See the LaTeX manual or LaTeX Companion for explanation.
Type  H <return>  for immediate help.
 ...                                              
                                                  
l.64  \includegraphics[width=.7\textwidth]{}
                                             %图片的名称或者路径之...

I could not locate the file with any of these extensions:
.pdf,.jpg,.jpeg,.png,.eps
Try typing  <return>  to proceed.
If that doesn't work, type  X <return>  to quit.

LaTeX Font Info:    Trying to load font information for U+msa on input line 69.


(d:/Plug_in/texstdio/textlive/texlive/2023/texmf-dist/tex/latex/amsfonts/umsa.f
d
File: umsa.fd 2013/01/14 v3.01 AMS symbols A
)
LaTeX Font Info:    Trying to load font information for U+msb on input line 69.


(d:/Plug_in/texstdio/textlive/texlive/2023/texmf-dist/tex/latex/amsfonts/umsb.f
d
File: umsb.fd 2013/01/14 v3.01 AMS symbols B
)

LaTeX Warning: Citation `1' on page 3 undefined on input line 69.

LaTeX Font Info:    Trying to load font information for TS1+ppl on input line 7
9.

(d:/Plug_in/texstdio/textlive/texlive/2023/texmf-dist/tex/latex/psnfss/ts1ppl.f
d
File: ts1ppl.fd 2001/06/04 font definitions for TS1/ppl.
)

LaTeX Warning: Citation `2' on page 3 undefined on input line 92.


LaTeX Warning: Citation `3' on page 3 undefined on input line 92.


LaTeX Warning: Reference `LastPage' on page 3 undefined on input line 93.

[3

]

LaTeX Warning: Citation `4' on page 4 undefined on input line 93.


LaTeX Warning: Citation `5' on page 4 undefined on input line 94.


LaTeX Warning: File `Literature_Review.png' not found on input line 100.


! Package pdftex.def Error: File `Literature_Review.png' not found: using draft
 setting.

See the pdftex.def package documentation for explanation.
Type  H <return>  for immediate help.
 ...                                              
                                                  
l.100 ...dth=.85\textwidth]{Literature_Review.png}
                                                   %图片的名称或者路...

Try typing  <return>  to proceed.
If that doesn't work, type  X <return>  to quit.

LaTeX Font Info:    Trying to load font information for T1+pcr on input line 10
0.

(d:/Plug_in/texstdio/textlive/texlive/2023/texmf-dist/tex/latex/psnfss/t1pcr.fd
File: t1pcr.fd 2001/06/04 font definitions for T1/pcr.
)

LaTeX Warning: Reference `LastPage' on page 4 undefined on input line 111.

[4]

LaTeX Warning: File `Flow_Chart.png' not found on input line 118.


! Package pdftex.def Error: File `Flow_Chart.png' not found: using draft settin
g.

See the pdftex.def package documentation for explanation.
Type  H <return>  for immediate help.
 ...                                              
                                                  
l.118 ...phics[width=.9\textwidth]{Flow_Chart.png}
                                                   %图片的名称或者路...

Try typing  <return>  to proceed.
If that doesn't work, type  X <return>  to quit.


Overfull \hbox (2.61809pt too wide) in paragraph at lines 127--129
\T1/ppl/b/it/12 Explanation:\T1/ppl/m/n/12 The UAV's ra-di-a-tion com-mu-ni-ca-
tion range is only af-fected
 []


LaTeX Warning: Reference `LastPage' on page 5 undefined on input line 129.

[5]
Overfull \hbox (6.29243pt too wide) in paragraph at lines 133--135
[]\T1/ppl/b/n/12 The col-lected data can be con-sid-ered re-li-able and can re-
flect the chang-
 []


LaTeX Warning: Reference `LastPage' on page 6 undefined on input line 171.

[6]

LaTeX Warning: File `Data_Screening(1).png' not found on input line 201.


! Package pdftex.def Error: File `Data_Screening(1).png' not found: using draft
 setting.

See the pdftex.def package documentation for explanation.
Type  H <return>  for immediate help.
 ...                                              
                                                  
l.201 ...h=0.45\textwidth]{Data_Screening(1).png}}
                                                  			  % 子图1的图片宽...

Try typing  <return>  to proceed.
If that doesn't work, type  X <return>  to quit.


LaTeX Warning: File `Data_Screening(2).png' not found on input line 203.


! Package pdftex.def Error: File `Data_Screening(2).png' not found: using draft
 setting.

See the pdftex.def package documentation for explanation.
Type  H <return>  for immediate help.
 ...                                              
                                                  
l.203 ...h=0.45\textwidth]{Data_Screening(2).png}}
                                                  
Try typing  <return>  to proceed.
If that doesn't work, type  X <return>  to quit.


LaTeX Warning: Reference `LastPage' on page 7 undefined on input line 217.

[7]

LaTeX Warning: Reference `LastPage' on page 8 undefined on input line 217.

[8]
Underfull \hbox (badness 10000) in paragraph at lines 219--220
[]\T1/ppl/m/n/12 GLOBAL FOR-EST WHATCH OF AUS-TRALIA
 []


LaTeX Warning: Reference `LastPage' on page 9 undefined on input line 228.

[9

] 
enddocument/afterlastpage: lastpage setting LastPage.
(./t.aux)

LaTeX Warning: There were undefined references.


LaTeX Warning: Label(s) may have changed. Rerun to get cross-references right.


Package rerunfilecheck Warning: File `t.out' has changed.
(rerunfilecheck)                Rerun to get outlines right
(rerunfilecheck)                or use package `bookmark'.

Package rerunfilecheck Info: Checksums for `t.out':
(rerunfilecheck)             Before: <no file>
(rerunfilecheck)             After:  8E9E9E18B3446F0E58F09E86FCA94C3A;1646.

Package lastpage Warning: Rerun to get the references right on input line 228.

 ) 
Here is how much of TeX's memory you used:
 17439 strings out of 476025
 283167 string characters out of 5781041
 1862382 words of memory out of 5000000
 37539 multiletter control sequences out of 15000+600000
 539180 words of font info for 83 fonts, out of 8000000 for 9000
 1141 hyphenation exceptions out of 8191
 78i,12n,81p,599b,569s stack positions out of 10000i,1000n,20000p,200000b,200000s
<d:/Plug_in/texstdio/textlive/texlive/2023/texmf-dist/fonts/type1/public/amsf
onts/cm/cmmi12.pfb><d:/Plug_in/texstdio/textlive/texlive/2023/texmf-dist/fonts/
type1/public/amsfonts/cm/cmmi8.pfb><d:/Plug_in/texstdio/textlive/texlive/2023/t
exmf-dist/fonts/type1/public/amsfonts/cm/cmr8.pfb><d:/Plug_in/texstdio/textlive
/texlive/2023/texmf-dist/fonts/type1/urw/courier/ucrr8a.pfb><d:/Plug_in/texstdi
o/textlive/texlive/2023/texmf-dist/fonts/type1/urw/palatino/uplb8a.pfb><d:/Plug
_in/texstdio/textlive/texlive/2023/texmf-dist/fonts/type1/urw/palatino/uplbi8a.
pfb><d:/Plug_in/texstdio/textlive/texlive/2023/texmf-dist/fonts/type1/urw/palat
ino/uplr8a.pfb>
Output written on t.pdf (9 pages, 114612 bytes).
PDF statistics:
 129 PDF objects out of 1000 (max. 8388607)
 102 compressed objects within 2 object streams
 45 named destinations out of 1000 (max. 500000)
 1 words of extra memory for PDF output out of 10000 (max. 10000000)

